Apr 04 11:00:53 Installed: which-2.19-3.fc9.x86_64
Apr 04 11:00:54 Installed: gpm-1.20.5-2.fc10.x86_64
Apr 04 11:00:57 Installed: 2:vim-common-7.2.148-1.fc10.x86_64
Apr 04 11:00:57 Installed: 2:vim-enhanced-7.2.148-1.fc10.x86_64
Jul 03 09:40:44 Updated: e2fsprogs-libs-1.41.4-6.fc10.x86_64
Jul 03 09:40:44 Updated: elfutils-libelf-0.142-1.fc10.x86_64
Jul 03 09:40:45 Updated: expat-2.0.1-8.fc10.x86_64
Jul 03 09:40:45 Updated: audit-libs-1.7.13-1.fc10.x86_64
Jul 03 09:40:45 Updated: apr-1.3.9-2.fc10.x86_64
Jul 03 09:40:45 Updated: file-libs-4.26-5.fc10.x86_64
Jul 03 09:40:45 Updated: apr-util-1.3.9-1.fc10.x86_64
Jul 03 09:40:46 Updated: libxml2-2.7.6-1.fc10.x86_64
Jul 03 09:40:46 Updated: glib2-2.18.4-2.fc10.x86_64
Jul 03 09:40:47 Updated: lua-5.1.4-2.fc10.x86_64
Jul 03 09:40:47 Updated: nspr-4.7.6-1.fc10.1.x86_64
Jul 03 09:40:47 Updated: sqlite-3.5.9-4.fc10.x86_64
Jul 03 09:40:47 Updated: nss-3.12.3.99.3-2.10.6.fc10.x86_64
Jul 03 09:40:47 Updated: libcurl-7.19.6-2.fc10.x86_64
Jul 03 09:40:47 Updated: libgcrypt-1.4.4-1.fc10.x86_64
Jul 03 09:40:48 Updated: libattr-2.4.43-2.fc10.x86_64
Jul 03 09:40:48 Updated: 12:libdhcp4client-4.0.0-37.fc10.x86_64
Jul 03 09:40:48 Updated: newt-0.52.10-2.fc10.x86_64
Jul 03 09:40:48 Installed: xz-libs-4.999.8-0.8.beta.20090817git.fc10.x86_64
Jul 03 09:40:49 Updated: e2fsprogs-1.41.4-6.fc10.x86_64
Jul 03 09:40:49 Updated: gnutls-2.4.2-5.fc10.x86_64
Jul 03 09:40:49 Updated: neon-0.28.6-1.fc10.x86_64
Jul 03 09:40:49 Updated: apr-util-ldap-1.3.9-1.fc10.x86_64
Jul 03 09:40:49 Updated: elfutils-libs-0.142-1.fc10.x86_64
Jul 03 09:40:50 Updated: pciutils-libs-3.0.2-3.fc10.x86_64
Jul 03 09:40:50 Updated: iptables-1.4.3.2-1.fc10.x86_64
Jul 03 09:40:50 Updated: procps-3.2.7-23.fc10.x86_64
Jul 03 09:40:51 Updated: libvolume_id-127-5.fc10.x86_64
Jul 03 09:40:51 Updated: libxcb-1.1.91-8.fc10.x86_64
Jul 03 09:40:51 Updated: php-common-5.2.9-2.fc10.x86_64
Jul 03 09:40:51 Updated: iptables-ipv6-1.4.3.2-1.fc10.x86_64
Jul 03 09:40:51 Updated: elfutils-0.142-1.fc10.x86_64
Jul 03 09:40:51 Installed: xz-4.999.8-0.8.beta.20090817git.fc10.x86_64
Jul 03 09:40:51 Installed: xz-lzma-compat-4.999.8-0.8.beta.20090817git.fc10.x86_64
Jul 03 09:40:52 Updated: curl-7.19.6-2.fc10.x86_64
Jul 03 09:40:52 Updated: libxml2-python-2.7.6-1.fc10.x86_64
Jul 03 09:40:52 Updated: file-4.26-5.fc10.x86_64
Jul 03 09:40:52 Updated: patch-2.6-1.fc10.x86_64
Jul 03 09:40:52 Updated: net-tools-1.60-92.fc10.x86_64
Jul 03 09:40:53 Updated: 2:tar-1.20-6.fc10.x86_64
Jul 03 09:40:53 Updated: ethtool-6-2.20090115git.fc10.x86_64
Jul 03 09:40:53 Updated: 2:vim-minimal-7.2.148-1.fc10.x86_64
Jul 03 09:40:54 Updated: upstart-0.3.9-22.fc10.x86_64
Jul 03 09:40:54 Updated: iproute-2.6.27-2.fc10.x86_64
Jul 03 09:40:55 Updated: libX11-1.1.5-4.fc10.x86_64
Jul 03 09:40:55 Updated: libedit-2.11-2.20080712cvs.fc10.x86_64
Jul 03 09:40:55 Updated: 2:libpng-1.2.37-1.fc10.x86_64
Jul 03 09:40:55 Updated: sudo-1.7.1-4.fc10.x86_64
Jul 03 09:40:55 Updated: php-pdo-5.2.9-2.fc10.x86_64
Jul 03 09:40:56 Updated: newt-python-0.52.10-2.fc10.x86_64
Jul 03 09:40:56 Updated: attr-2.4.43-2.fc10.x86_64
Jul 03 09:40:57 Updated: gnupg2-2.0.10-1.fc10.x86_64
Jul 03 09:40:57 Updated: kpartx-0.4.8-9.fc10.x86_64
Jul 03 09:40:57 Updated: crontabs-1.10-26.fc10.noarch
Jul 03 09:40:57 Updated: hwdata-0.222-1.fc10.noarch
Jul 03 09:40:57 Updated: pciutils-3.0.2-3.fc10.x86_64
Jul 03 09:40:58 Updated: system-config-firewall-tui-1.2.16-3.fc10.noarch
Jul 03 09:40:58 Updated: e2fsprogs-devel-1.41.4-6.fc10.x86_64
Jul 03 09:40:59 Updated: setup-2.7.4-4.fc10.noarch
Jul 03 09:40:59 Updated: kernel-firmware-2.6.27.41-170.2.117.fc10.noarch
Jul 03 09:41:00 Updated: kernel-headers-2.6.27.41-170.2.117.fc10.x86_64
Jul 03 09:41:02 Updated: tzdata-2009o-2.fc10.noarch
Jul 03 09:41:02 Updated: audit-libs-1.7.13-1.fc10.i386
Jul 03 09:41:03 Updated: e2fsprogs-libs-1.41.4-6.fc10.i386
Jul 03 09:41:03 Updated: audit-libs-python-1.7.13-1.fc10.x86_64
Jul 03 09:41:03 Updated: expat-2.0.1-8.fc10.i386
Jul 03 09:41:06 Updated: coreutils-6.12-20.fc10.x86_64
Jul 03 09:41:07 Updated: openssl-0.9.8g-14.fc10.x86_64
Jul 03 09:41:08 Updated: mysql-libs-5.0.88-1.fc10.x86_64
Jul 03 09:41:09 Updated: util-linux-ng-2.14.1-3.3.fc10.x86_64
Jul 03 09:41:10 Updated: logrotate-3.7.7-2.fc10.x86_64
Jul 03 09:41:10 Updated: rsyslog-3.22.1-1.fc10.x86_64
Jul 03 09:41:11 Updated: gzip-1.3.12-8.fc10.x86_64
Jul 03 09:41:11 Updated: 1:dbus-libs-1.2.4-4.fc10.x86_64
Jul 03 09:41:11 Updated: 1:perl-Pod-Escapes-1.04-74.fc10.x86_64
Jul 03 09:41:11 Updated: php-cli-5.2.9-2.fc10.x86_64
Jul 03 09:41:11 Installed: postgresql-libs-8.3.8-2.fc10.x86_64
Jul 03 09:41:12 Updated: httpd-tools-2.2.14-1.fc10.x86_64
Jul 03 09:41:12 Updated: 1:dbus-1.2.4-4.fc10.x86_64
Jul 03 09:41:13 Updated: sphinx-0.9.8.1-3.fc10.x86_64
Jul 03 09:41:13 Updated: cronie-1.2-8.fc10.x86_64
Jul 03 09:41:13 Updated: wget-1.12-2.fc10.x86_64
Jul 03 09:41:13 Updated: monit-5.0-1.x86_64
Jul 03 09:41:14 Updated: openssl-0.9.8g-14.fc10.i686
Jul 03 09:41:14 Updated: nash-6.0.71-6.fc10.x86_64
Jul 03 09:41:16 Updated: openssl-devel-0.9.8g-14.fc10.x86_64
Jul 03 09:41:17 Updated: initscripts-8.86.3-1.x86_64
Jul 03 09:41:18 Updated: rpm-4.6.1-3.fc10.x86_64
Jul 03 09:41:18 Updated: rpm-libs-4.6.1-3.fc10.x86_64
Jul 03 09:41:18 Updated: rpm-python-4.6.1-3.fc10.x86_64
Jul 03 09:41:20 Updated: httpd-2.2.14-1.fc10.x86_64
Jul 03 09:41:21 Updated: policycoreutils-2.0.57-22.fc10.x86_64
Jul 03 09:41:22 Updated: udev-127-5.fc10.x86_64
Jul 03 09:41:22 Updated: mdadm-2.6.9-1.fc10.x86_64
Jul 03 09:41:23 Updated: 4:perl-libs-5.10.0-74.fc10.x86_64
Jul 03 09:41:23 Updated: php-5.2.9-2.fc10.x86_64
Jul 03 09:41:23 Updated: mkinitrd-6.0.71-6.fc10.x86_64
Jul 03 09:41:23 Updated: anacron-2.3-66.fc10.x86_64
Jul 03 09:41:23 Updated: 12:dhclient-4.0.0-37.fc10.x86_64
Jul 03 09:41:24 Updated: yum-3.2.24-2.fc10.noarch
Jul 03 09:41:44 Installed: selinux-policy-3.5.13-74.fc10.noarch
Jul 03 09:42:39 Updated: selinux-policy-targeted-3.5.13-74.fc10.noarch
Jul 03 09:42:42 Updated: 1:perl-Module-Pluggable-3.60-74.fc10.x86_64
Jul 03 09:42:54 Updated: 4:perl-5.10.0-74.fc10.x86_64
Jul 03 09:42:57 Updated: subversion-1.6.5-1.fc10.1.x86_64
Jul 03 09:42:58 Updated: mysql-5.0.88-1.fc10.x86_64
Jul 03 09:42:59 Updated: 1:perl-Pod-Simple-3.07-74.fc10.x86_64
Jul 03 09:43:00 Updated: automake-1.11-2.fc10.noarch
Jul 03 09:43:00 Updated: 3:perl-version-0.74-74.fc10.x86_64
Jul 03 09:43:00 Installed: deltarpm-3.4-11.fc10.1.x86_64
Jul 03 09:43:02 Updated: mysql-devel-5.0.88-1.fc10.x86_64
Jul 03 09:43:02 Updated: mod_dav_svn-1.6.5-1.fc10.1.x86_64
Jul 03 09:43:03 Updated: php-devel-5.2.9-2.fc10.x86_64
Jul 03 09:43:04 Updated: createrepo-0.9.7-7.fc10.noarch
Jul 03 09:43:07 Updated: mysql-server-5.0.88-1.fc10.x86_64
Jul 03 09:43:08 Updated: memcached-1.2.8-1.fc10.x86_64
Jul 03 09:43:09 Updated: rpm-build-4.6.1-3.fc10.x86_64
Jul 03 09:43:34 Erased: lzma
Jul 03 09:43:35 Updated: rpm-4.6.1-3.fc10.x86_64
Jul 03 09:43:48 Updated: httpd-2.2.14-1.fc10.x86_64
Jul 03 09:45:16 Installed: ruby-libs-1.8.6.368-2.fc10.x86_64
Jul 03 09:45:16 Installed: ruby-1.8.6.368-2.fc10.x86_64
Jul 03 09:48:56 Installed: ruby-irb-1.8.6.368-2.fc10.x86_64
Jul 03 09:48:56 Installed: ruby-rdoc-1.8.6.368-2.fc10.x86_64
Jul 03 09:48:56 Installed: rubygems-1.3.1-1.fc10.noarch
Jul 03 10:01:31 Installed: ruby-devel-1.8.6.368-2.fc10.x86_64
