/usr/sbin/prelink -av -mR -q
Laying out 93 libraries in virtual address space 0000003000000000-0000004000000000
Random base 0x0000003114a00000
Assigned virtual address space slots for 64-bit x86-64 ELF libraries:
/lib64/ld-2.9.so                                             00000036e5200000-00000036e5420c68
/lib64/libc-2.9.so                                           00000036e5600000-00000036e5971278
/lib64/libdl-2.9.so                                          00000036e5a00000-00000036e5c03100
/lib64/libselinux.so.1                                       0000003ddf800000-0000003ddfa1c6b0
/lib64/libpthread-2.9.so                                     00000036e6200000-00000036e641b370
/lib64/libz.so.1.2.3                                         00000036e6e00000-00000036e7014a90
/lib64/libcrypt-2.9.so                                       00000036cc800000-00000036cca371c0
/lib64/libresolv-2.9.so                                      00000036e7200000-00000036e7417a88
/lib64/libcom_err.so.2.1                                     0000003114a00000-0000003114c02510
/lib64/libm-2.9.so                                           00000036e6600000-00000036e68840d8
/lib64/libssl.so.0.9.8g                                      0000003114e00000-000000311504eff0
/lib64/librt-2.9.so                                          00000036e8200000-00000036e8408bd0
/usr/lib64/libgssapi_krb5.so.2.2                             0000003115200000-000000311542ec30
/usr/lib64/libk5crypto.so.3.1                                0000003de0c00000-0000003de0e24ec8
/usr/lib64/libkrb5support.so.0.1                             0000003de0400000-0000003de0609790
/usr/lib64/libkrb5.so.3.3                                    0000003115600000-00000031158a2000
/lib64/libkeyutils-1.2.so                                    00000036e8e00000-00000036e90015b0
/lib64/libcrypto.so.0.9.8g                                   0000003115a00000-0000003115d62d38
/lib64/libnsl-2.9.so                                         00000036e7a00000-00000036e7c19ab0
/usr/lib64/libsasl2.so.2.0.22                                0000003382400000-0000003382619c10
/lib64/libnssutil3.so                                        0000003115e00000-000000311601d3e8
/lib64/libnspr4.so                                           0000003116200000-000000311643b860
/lib64/libplc4.so                                            0000003116600000-0000003116803898
/lib64/libplds4.so                                           0000003116a00000-0000003116c02690
/usr/lib64/liblber-2.4.so.2.2.0                              00000036eb600000-00000036eb80e708
/lib64/libaudit.so.0.0.0                                     0000003115e00000-0000003116019210
/lib64/libnss3.so                                            0000003116e00000-0000003117132fa8
/lib64/libpopt.so.0.0.0                                      00000036e7600000-00000036e7808650
/usr/lib64/libldap-2.4.so.2.2.0                              0000003117200000-0000003117441710
/lib64/libidn.so.11.5.28                                     00000036ece00000-00000036ed031ec8
/lib64/libsmime3.so                                          0000003117600000-000000311782aa90
/usr/lib64/libcurl.so.4                                      0000003117a00000-0000003117c4daa8
/lib64/libssl3.so                                            0000003117e00000-0000003118031b58
/usr/lib64/libssh2.so.1.0.0                                  0000003118200000-0000003118421d28
/lib64/libtinfo.so.5.6                                       00000036e7600000-00000036e7820060
/lib64/libbz2.so.1.0.4                                       00000036eba00000-00000036ebc0fc90
/usr/lib64/libelf.so.1                                       0000003114a00000-0000003114c14140
/lib64/libpam.so.0.81.13                                     0000003116200000-000000311640b5c0
/lib64/libexpat.so.1.5.2                                     0000003118600000-00000031188286d8
/lib64/libglib-2.0.so.0                                      0000003114e00000-00000031150e0bf0
/lib64/libuuid.so.1.2                                        0000003115a00000-0000003115c033c8
/lib64/libpam_misc.so.0.81.3                                 0000003114a00000-0000003114c02388
/lib64/libgcc_s-4.3.2-20081105.so.1                          00000036ea200000-00000036ea416618
/lib64/libgpg-error.so.0.4.0                                 00000036e6600000-00000036e6802c40
/usr/lib64/libuser.so.1.2.0                                  0000003115200000-0000003115418448
/usr/lib64/mysql/libmysqlclient.so.15.0.0                    0000003115e00000-0000003116173ce8
/lib64/libgobject-2.0.so.0                                   0000003115600000-0000003115842dc8
/lib64/libattr.so.1.1.0                                      0000003114a00000-0000003114c03d58
/lib64/libacl.so.1.1.0                                       0000003114e00000-0000003115006ef0
/lib64/libgcrypt.so.11                                       0000003114e00000-00000031150706a0
/lib64/libgmodule-2.0.so.0                                   0000003115a00000-0000003115c02798
/lib64/libproc-3.2.7.so                                      0000003114a00000-0000003114c21eb8
/usr/lib64/libstdc++.so.6.0.10                               00000036ea600000-00000036ea9092b8
/lib64/libblkid.so.1.0                                       0000003115200000-000000311540b408
/lib64/libreadline.so.5.2                                    00000036ea600000-00000036ea83f860
/lib64/libcap.so.2.10                                        00000036e6600000-00000036e68038a0
/usr/lib64/liblzma.so.0                                      0000003114e00000-0000003115020788
/lib64/libe2p.so.2.3                                         0000003114e00000-0000003115005d70
/lib64/libdb-4.7.so                                          00000036e5e00000-00000036e6173c40
/usr/lib64/libxtables.so.2                                   0000003114a00000-0000003114c06b60
/lib64/libext2fs.so.2.4                                      0000003115600000-000000311582cec0
/usr/lib64/libiptc.so.0                                      0000003114e00000-000000311500a998
/usr/lib64/libsqlite3.so.0.8.6                               0000003115e00000-0000003116068ce8
/usr/lib64/libapr-1.so.0                                     0000003116200000-000000311642a818
/usr/lib64/libaprutil-1.so.0                                 0000003116600000-0000003116822430
/usr/lib64/libsvn_subr-1.so.0                                0000003116a00000-0000003116c50700
/usr/lib64/libmagic.so.1.0.0                                 0000003115200000-0000003115415ca0
/usr/lib64/libsvn_delta-1.so.0                               0000003116e00000-000000311700abc8
/usr/lib64/liblua-5.1.so                                     0000003115600000-000000311582ae40
/usr/lib64/libsvn_fs_base-1.so.0                             0000003117200000-000000311742dcc0
/usr/lib64/libsvn_fs_util-1.so.0                             0000003117600000-0000003117800fa0
/usr/lib64/libsvn_fs_fs-1.so.0                               0000003117a00000-0000003117c25fc0
/lib64/libncursesw.so.5.6                                    0000003116200000-000000311642dc70
/usr/lib64/librpmio-4.6.so                                   0000003115a00000-0000003115c2ec90
/usr/lib64/libsvn_repos-1.so.0                               0000003117e00000-0000003118028b30
/usr/lib64/libsvn_fs-1.so.0                                  0000003118200000-00000031184064d0
/lib64/libdevmapper.so.1.02                                  0000003ddfc00000-0000003ddfe16908
/usr/lib64/libdw.so.1                                        0000003114e00000-000000311502ff20
/usr/lib64/libfreetype.so.6.3.18                             00000036e6a00000-00000036e6c97cf0
/lib64/libutil-2.9.so                                        00000036ea200000-00000036ea402100
/usr/lib64/librpm-4.6.so                                     0000003117200000-000000311746eb48
/lib64/libncurses.so.5.6                                     00000036eaa00000-00000036eac21ac8
/lib64/libsepol.so.1                                         00000036e6e00000-00000036e7039dc0
/usr/lib64/libfontconfig.so.1.3.0                            0000003114a00000-0000003114c30b48
/lib64/libdb-4.5.so                                          00000036e6a00000-00000036e6d31e18
/usr/lib64/libxml2.so.2                                      0000003118600000-000000311895dfd8
/lib64/libdbus-1.so.3.4.0                                    0000003114a00000-0000003114c3d8a8
/lib64/libparted-1.8.so.8.0.0                                0000003115600000-000000311585ea78
/usr/lib64/libksba.so.8.9.4                                  00000036e6a00000-00000036e6c33830
/usr/lib64/libldap_r-2.4.so.2                                0000003116200000-0000003116449de8
/usr/lib64/libpth.so.20.0.27                                 00000036e6200000-00000036e6414fb8
/usr/lib64/libpq.so.5                                        0000003116600000-0000003116823cb0
/usr/lib64/libsvn_ra_svn-1.so.0                              0000003118a00000-0000003118c16c70
/usr/lib64/librpmbuild-4.6.so                                0000003117600000-000000311782be30
/usr/lib64/libsvn_diff-1.so.0                                0000003118e00000-000000311900a708
/usr/lib64/libtasn1.so.3                                     0000003119200000-000000311940fe48
/usr/lib64/libhistory.so.5.2                                 00000036eea00000-00000036eec07978
/usr/lib64/libsvn_wc-1.so.0                                  0000003119600000-0000003119846a48
/usr/lib64/libsvn_ra_neon-1.so.0                             0000003119a00000-0000003119c227b8
/usr/lib64/libsvn_ra_local-1.so.0                            0000003119e00000-000000311a007860
/usr/lib64/libpci.so.3.0.2                                   0000003114a00000-0000003114c0a6f8
/usr/lib64/libbdevid.so.6.0.71                               0000003115e00000-0000003116004500
/usr/lib64/libsvn_ra-1.so.0                                  000000311a200000-000000311a4096d8
/usr/lib64/libneon.so.27                                     000000311a600000-000000311a825fd0
/usr/lib64/libgmp.so.3.4.2                                   00000036eee00000-00000036ef041e40
/usr/lib64/libnash.so.6.0.71                                 0000003116200000-000000311641f130
/usr/lib64/libdhcp-1.99.so.1.0.7                             0000003116600000-0000003116814ea8
/usr/lib64/libdhcp6client-1.0.so.2.0.20                      00000036e9600000-00000036e982c188
/usr/lib64/libnl.so.1.1                                      00000036e9200000-00000036e944ff18
/usr/lib64/libgnutls.so.26                                   000000311aa00000-000000311acaa840
/usr/lib64/perl5/5.10.0/x86_64-linux-thread-multi/CORE/libperl.so 0000003115200000-00000031155a83c8
/usr/lib64/libpakchois.so.0                                  000000311ae00000-000000311b004fd0
/lib64/libpcre.so.0.0.1                                      00000036ed600000-00000036ed82edf8
/usr/lib64/libdhcp4client-4.0.so.0.0.0                       0000003116a00000-0000003116c90658
/usr/lib64/libdbus-glib-1.so.2.1.0                           0000003115200000-000000311541fcc0
/usr/lib64/libslang.so.2.1.4                                 00000036e6200000-00000036e6551d80
/usr/lib64/mysql/libmysqlclient_r.so.15.0.0                  0000003115e00000-0000003116176808
/usr/lib64/libtk8.5.so                                       0000003114e00000-0000003115142f98
/usr/lib64/libXft.so.2.1.13                                  0000003115200000-0000003115413c00
/usr/lib64/libXrender.so.1.3.0                               0000003115600000-0000003115808bc8
/usr/lib64/libsvn_client-1.so.0                              000000311b200000-000000311b445f40
/lib64/libply.so.2.0.0                                       00000036e5e00000-00000036e6013be0
/usr/lib64/libpython2.5.so.1.0                               00000036cc400000-00000036cc774858
/usr/lib64/libusb-0.1.so.4.4.4                               00000036e6e00000-00000036e70079f0
/usr/lib64/libXau.so.6.0.0                                   00000036e8e00000-00000036e9001f88
/usr/lib64/libpng12.so.0                                     0000003114a00000-0000003114c24f80
/usr/lib64/libtcl8.5.so                                      00000036e6e00000-00000036e7115f40
/usr/lib64/libdes425.so.3.0                                  0000003116600000-00000031168028e0
/usr/lib64/libX11.so.6.2.0                                   0000003115a00000-0000003115d0ac48
/usr/lib64/libgpm.so.2.1.0                                   00000036cc000000-00000036cc2058d8
/lib64/libvolume_id.so.1.0.0                                 0000003114a00000-0000003114c07de8
/usr/lib64/libevent-1.4.so.2.1.0                             00000036e5a00000-00000036e5c18f58
/usr/lib64/libplybootsplash.so.2.0.0                         0000003114e00000-0000003115009d68
/usr/lib64/libasm.so.1                                       0000003114e00000-0000003115006770
/usr/lib64/libxcb.so.1.0.0                                   0000003115e00000-000000311601a790
/usr/lib64/libutempter.so.1.1.5                              00000036e5e00000-00000036e60012a0
/usr/lib64/libnewt.so.0.52.10                                0000003114a00000-0000003114c139c8
/usr/lib64/libXdmcp.so.6.0.0                                 00000036e8200000-00000036e84045f8
/usr/lib64/libxcb-xlib.so.0.0.0                              0000003116200000-0000003116400f80
/usr/lib64/libkrb4.so.2.0                                    0000003116a00000-0000003116c20a50
/lib64/libss.so.2.0                                          0000003115e00000-0000003116005900
/usr/lib64/libruby.so.1.8                                    0000003114a00000-0000003114d088b0
/usr/lib64/libopcodes-2.18.50.0.9-8.fc10.so                  0000003e47400000-0000003e476e8d60
/usr/lib64/libodbc.so.1.0.0                                  00000036e5e00000-00000036e606bcf8
/usr/lib64/libtic.so.5.6                                     00000036e5a00000-00000036e5c12888
/usr/lib64/libcrack.so.2.8.0                                 00000036e5a00000-00000036e5c0ca20
/lib64/libiw.so.29                                           00000036e5a00000-00000036e5c075e0
/usr/lib64/libpcreposix.so.0.0.0                             00000036e5a00000-00000036e5c01558
/usr/lib64/libmpfr.so.1.1.2                                  00000036ca800000-00000036caa43508
/usr/lib64/libodbcinst.so.1.0.0                              00000036e6600000-00000036e6814828
/usr/lib64/libbfd-2.18.50.0.9-8.fc10.so                      0000003e47000000-0000003e472f79d8
/usr/lib64/liblzmadec.so.0.0.0                               0000003e47000000-0000003e47202e08
Assigned virtual address space slots for 32-bit i386 ELF libraries:
/lib/ld-2.9.so                                               45b4d000-45b6f658
/lib/libc-2.9.so                                             45b72000-45ce5650
Prelinking /usr/lib64/perl5/5.10.0/x86_64-linux-thread-multi/CORE/libperl.so
Prelinking /usr/bin/perl5.10.0
Linking /usr/bin/perl to /usr/bin/perl5.10.0
Prelinking /lib64/libuuid.so.1.2
Prelinking /usr/bin/uuidgen
Prelinking /bin/dd
Prelinking /lib64/libcom_err.so.2.1
Prelinking /usr/lib64/libkrb5.so.3.3
Prelinking /usr/lib64/libgssapi_krb5.so.2.2
Prelinking /lib64/libcrypto.so.0.9.8g
Prelinking /lib64/libssl.so.0.9.8g
Prelinking /usr/lib64/libssh2.so.1.0.0
Prelinking /usr/lib64/libldap-2.4.so.2.2.0
Prelinking /lib64/libnspr4.so
Prelinking /lib64/libplc4.so
Prelinking /lib64/libplds4.so
Prelinking /lib64/libnssutil3.so
Prelinking /lib64/libnss3.so
Prelinking /lib64/libssl3.so
Prelinking /lib64/libsmime3.so
Prelinking /usr/lib64/libcurl.so.4.1.1
Prelinking /lib64/libglib-2.0.so.0.1800.4
Prelinking /lib64/libgmodule-2.0.so.0.1800.4
Prelinking /lib64/libgobject-2.0.so.0.1800.4
Prelinking /usr/lib64/libuser.so.1.2.0
Prelinking /usr/lib64/libelf-0.142.so
Prelinking /usr/lib64/libdw-0.142.so
Prelinking /usr/bin/eu-unstrip
Prelinking /bin/cut
Prelinking /usr/bin/factor
Prelinking /usr/lib64/libxml2.so.2.7.6
Prelinking /usr/bin/xmllint
Prelinking /usr/sbin/readprofile
Prelinking /bin/env
Prelinking /usr/lib64/libapr-1.so.0.3.9
Prelinking /usr/bin/setarch
Prelinking /usr/lib64/libmagic.so.1.0.0
Prelinking /usr/lib64/liblzma.so.0.0.0
Prelinking /usr/lib64/liblua-5.1.so
Prelinking /usr/lib64/librpmio-4.6.so
Prelinking /usr/lib64/librpm-4.6.so
Prelinking /usr/lib64/librpmbuild-4.6.so
Prelinking /bin/rpm
Prelinking /lib64/libproc-3.2.7.so
Prelinking /sbin/sysctl
Prelinking /usr/libexec/dirmngr_ldap
Prelinking /usr/sbin/rtacct
Prelinking /usr/bin/patch
Prelinking /bin/uname
Prelinking /usr/bin/git-hash-object
Prelinking /lib64/libaudit.so.0.0.0
Prelinking /usr/sbin/userdel
Prelinking /sbin/runlevel
Prelinking /lib64/libexpat.so.1.5.2
Prelinking /usr/lib64/libaprutil-1.so.0.3.9
Prelinking /usr/lib64/libsqlite3.so.0.8.6
Prelinking /usr/lib64/libsvn_subr-1.so.0.0.0
Prelinking /usr/lib64/libsvn_delta-1.so.0.0.0
Prelinking /usr/lib64/libsvn_fs_util-1.so.0.0.0
Prelinking /usr/lib64/libsvn_fs_fs-1.so.0.0.0
Prelinking /usr/lib64/libsvn_fs_base-1.so.0.0.0
Prelinking /usr/lib64/libsvn_fs-1.so.0.0.0
Prelinking /usr/lib64/libsvn_repos-1.so.0.0.0
Prelinking /usr/bin/svndumpfilter
Prelinking /usr/lib64/mysql/libmysqlclient_r.so.15.0.0
Prelinking /lib64/libgcrypt.so.11.5.2
Prelinking /usr/bin/gpgsm
Prelinking /bin/date
Prelinking /lib64/libpam.so.0.81.13
Prelinking /lib64/libpam_misc.so.0.81.3
Prelinking /bin/login
Prelinking /usr/libexec/gpg2keys_curl
Prelinking /lib64/libparted-1.8.so.8.0.0
Prelinking /lib64/libblkid.so.1.0
Prelinking /usr/lib64/libdhcp4client-4.0.so.0.0.0
Prelinking /usr/lib64/libdhcp-1.99.so.1.0.7
Prelinking /usr/lib64/libnash.so.6.0.71
/usr/sbin/prelink: Warning: /usr/lib64/libnash.so.6.0.71 has undefined non-weak symbols
Prelinking /usr/lib64/libbdevid.so.6.0.71
Prelinking /usr/bin/scdaemon
Prelinking /usr/bin/hostid
Prelinking /sbin/fsck.cramfs
Prelinking /usr/bin/mysqltestmanager
Prelinking /usr/bin/my_print_defaults
Prelinking /sbin/parted
Prelinking /usr/bin/csplit
Prelinking /usr/lib/rpm/rpmdeps
Prelinking /bin/pwd
Prelinking /usr/lib64/mysql/libmysqlclient.so.15.0.0
Prelinking /usr/bin/mysqlcheck
Prelinking /usr/lib64/libpci.so.3.0.2
Prelinking /sbin/lspci
Prelinking /usr/bin/gpgconf
Prelinking /usr/bin/applydeltaiso
Prelinking /bin/more
Prelinking /usr/bin/printf
Prelinking /sbin/genhostid
Prelinking /usr/bin/users
Prelinking /lib64/libext2fs.so.2.4
Prelinking /lib64/libe2p.so.2.3
Prelinking /sbin/fsck.ext2
Linking /sbin/fsck.ext4 to /sbin/fsck.ext2
Linking /sbin/fsck.ext3 to /sbin/fsck.ext2
Linking /sbin/e2fsck to /sbin/fsck.ext2
Linking /sbin/fsck.ext4dev to /sbin/fsck.ext2
Prelinking /bin/su
Prelinking /usr/bin/eu-elflint
Prelinking /usr/bin/shuf
Prelinking /usr/bin/whereis
Prelinking /usr/bin/logname
Prelinking /usr/bin/uniq
Prelinking /usr/bin/chrt
Prelinking /sbin/fdisk
Prelinking /usr/bin/pathchk
Prelinking /usr/bin/git-http-push
Prelinking /usr/bin/tload
Prelinking /bin/unlink
Prelinking /lib/udev/ata_id
Prelinking /usr/bin/git-mktag
Prelinking /sbin/ppp-watch
Prelinking /usr/bin/consolehelper
Prelinking /usr/libexec/gpg-protect-tool
Prelinking /bin/dbus-cleanup-sockets
Prelinking /sbin/rtmon
Prelinking /usr/lib64/libldap_r-2.4.so.2.2.0
Prelinking /usr/lib64/libpq.so.5.1
Prelinking /usr/bin/searchd
Prelinking /usr/lib64/libxcb.so.1.0.0
Prelinking /usr/bin/md5sum
Prelinking /usr/sbin/groupadd
Prelinking /sbin/nash
Prelinking /lib64/libncursesw.so.5.6
Prelinking /sbin/cfdisk
Prelinking /sbin/mkswap
Prelinking /usr/bin/isosize
Prelinking /usr/bin/resolveip
Prelinking /usr/lib64/libruby.so.1.8.6
Prelinking /usr/bin/ruby
Prelinking /usr/bin/col
Prelinking /usr/bin/mkfifo
Prelinking /usr/bin/nohup
Prelinking /usr/bin/dirmngr
Prelinking /lib/udev/cdrom_id
Prelinking /sbin/getkey
Prelinking /sbin/ip
Prelinking /usr/bin/git
Prelinking /usr/bin/seq
Prelinking /usr/bin/lzmadec
Prelinking /usr/bin/memcached
Prelinking /sbin/mkfs
Prelinking /usr/bin/git-pack-redundant
Prelinking /usr/bin/newgrp
Prelinking /usr/lib64/libiptc.so.0.0.0
Prelinking /usr/lib64/libxtables.so.2.0.0
Prelinking /sbin/ip6tables-save
Prelinking /lib64/libss.so.2.0
Prelinking /sbin/debugfs
Prelinking /sbin/tc
Prelinking /usr/bin/cal
Prelinking /sbin/slattach
Prelinking /sbin/ifconfig
Prelinking /sbin/agetty
Prelinking /usr/bin/rename
Prelinking /usr/bin/lchsh
Prelinking /usr/bin/lzmainfo
Prelinking /lib/udev/console_init
Prelinking /sbin/ethtool
Prelinking /usr/bin/who
Prelinking /usr/lib64/libpng12.so.0.37.0
Prelinking /usr/lib64/libplybootsplash.so.2.0.0
Prelinking /sbin/mkfs.cramfs
Prelinking /usr/lib64/libsvn_diff-1.so.0.0.0
Prelinking /usr/lib64/libsvn_wc-1.so.0.0.0
Prelinking /usr/lib64/libsvn_ra_local-1.so.0.0.0
Prelinking /usr/lib64/libsvn_ra_svn-1.so.0.0.0
Prelinking /usr/lib64/libtasn1.so.3.0.16
Prelinking /usr/lib64/libgnutls.so.26.4.6
Prelinking /usr/lib64/libpakchois.so.0.1.0
Prelinking /usr/lib64/libneon.so.27.1.6
Prelinking /usr/lib64/libsvn_ra_neon-1.so.0.0.0
Prelinking /usr/lib64/libsvn_ra-1.so.0.0.0
Prelinking /usr/lib64/libsvn_client-1.so.0.0.0
Prelinking /usr/bin/svn
Prelinking /usr/bin/sum
Prelinking /sbin/e2label
Linking /sbin/tune2fs to /sbin/e2label
Linking /sbin/findfs to /sbin/e2label
Prelinking /usr/lib64/libdes425.so.3.0
Prelinking /usr/lib64/libkrb4.so.2.0
Prelinking /usr/bin/xmlwf
Prelinking /usr/bin/makedeltaiso
Prelinking /bin/sync
Prelinking /lib64/libattr.so.1.1.0
Prelinking /usr/bin/attr
Prelinking /sbin/telinit
Prelinking /usr/sbin/tunelp
Prelinking /lib64/libvolume_id.so.1.0.0
Prelinking /usr/bin/myisampack
Prelinking /usr/lib64/libfontconfig.so.1.3.0
Prelinking /usr/bin/fc-match
Prelinking /sbin/iptables-save
Prelinking /usr/bin/xz
Prelinking /sbin/dumpe2fs
Prelinking /lib64/libdbus-1.so.3.4.0
Prelinking /bin/dbus-monitor
Prelinking /usr/bin/base64
Prelinking /lib/udev/vol_id
Prelinking /usr/bin/fragiso
Prelinking /lib64/libacl.so.1.1.0
Prelinking /usr/bin/install
Prelinking /usr/bin/setsid
Prelinking /usr/libexec/gam_server
Prelinking /usr/sbin/lpasswd
Prelinking /usr/bin/floppy
Prelinking /bin/iptables-xml
Prelinking /usr/bin/sha224sum
Prelinking /sbin/blockdev
Prelinking /usr/bin/chcon
Prelinking /bin/touch
Prelinking /usr/bin/replace
Prelinking /usr/bin/git-merge-index
Prelinking /usr/libexec/gnupg-pcsc-wrapper
Prelinking /sbin/setpci
Prelinking /usr/bin/unexpand
Prelinking /usr/bin/dircolors
Prelinking /usr/bin/lchfn
Prelinking /usr/bin/spelldump
Prelinking /usr/sbin/ss
Prelinking /usr/sbin/ldattach
Prelinking /usr/bin/rsync
Prelinking /usr/bin/sha384sum
Prelinking /usr/libexec/gpg2keys_hkp
Prelinking /usr/bin/uptime
Prelinking /usr/lib64/libnewt.so.0.52.10
Prelinking /usr/bin/myisamlog
Prelinking /usr/bin/mysql_config
Prelinking /usr/sbin/useradd
Prelinking /usr/bin/getfacl
Prelinking /usr/bin/runcon
Prelinking /usr/bin/svnsync
Prelinking /usr/sbin/groupmod
Prelinking /bin/mknod
Prelinking /sbin/runuser
Prelinking /bin/arch
Prelinking /usr/bin/svnversion
Prelinking /usr/bin/myisamchk
Prelinking /usr/bin/sha256sum
Prelinking /bin/sort
Prelinking /usr/sbin/userhelper
Prelinking /sbin/e2image
Prelinking /bin/ps
Prelinking /usr/libexec/gpg-preset-passphrase
Prelinking /usr/bin/lsattr
Prelinking /bin/mv
Prelinking /usr/bin/mysqltest
Prelinking /usr/bin/gpgkey2ssh
Prelinking /bin/vi
Prelinking /sbin/hwclock
Prelinking /bin/ls
Prelinking /bin/rm
Prelinking /usr/bin/xmlcatalog
Prelinking /bin/taskset
Prelinking /bin/ln
Prelinking /sbin/partprobe
Prelinking /usr/bin/git-mktree
Prelinking /usr/bin/svnserve
Prelinking /usr/sbin/usermod
Prelinking /usr/bin/git-unpack-file
Prelinking /bin/chmod
Prelinking /usr/sbin/mklost+found
Prelinking /sbin/fsck
Prelinking /usr/bin/fold
Prelinking /bin/chown
Prelinking /usr/bin/rpmbuild
Prelinking /bin/dbus-send
Prelinking /usr/sbin/logrotate
Prelinking /usr/bin/git-prune
Linking /usr/bin/git-symbolic-ref to /usr/bin/git-prune
Linking /usr/bin/git-shortlog to /usr/bin/git-prune
Linking /usr/bin/git-clone to /usr/bin/git-prune
Linking /usr/bin/git-verify-tag to /usr/bin/git-prune
Linking /usr/bin/git-branch to /usr/bin/git-prune
Linking /usr/bin/git-ls-remote to /usr/bin/git-prune
Linking /usr/bin/git-rm to /usr/bin/git-prune
Linking /usr/bin/git-fetch to /usr/bin/git-prune
Linking /usr/bin/git-update-ref to /usr/bin/git-prune
Linking /usr/bin/git-peek-remote to /usr/bin/git-prune
Linking /usr/bin/git-pack-objects to /usr/bin/git-prune
Linking /usr/bin/git-cherry to /usr/bin/git-prune
Linking /usr/bin/git-format-patch to /usr/bin/git-prune
Linking /usr/bin/git-grep to /usr/bin/git-prune
Linking /usr/bin/git-for-each-ref to /usr/bin/git-prune
Linking /usr/bin/git-send-pack to /usr/bin/git-prune
Linking /usr/bin/git-http-fetch to /usr/bin/git-prune
Linking /usr/bin/git-ls-tree to /usr/bin/git-prune
Linking /usr/bin/git-diff-index to /usr/bin/git-prune
Linking /usr/bin/git-read-tree to /usr/bin/git-prune
Linking /usr/bin/git-diff-tree to /usr/bin/git-prune
Linking /usr/bin/git-tag to /usr/bin/git-prune
Linking /usr/bin/git-fsck-objects to /usr/bin/git-prune
Linking /usr/bin/git-merge-base to /usr/bin/git-prune
Linking /usr/bin/git-repo-config to /usr/bin/git-prune
Linking /usr/bin/git-remote to /usr/bin/git-prune
Linking /usr/bin/git-whatchanged to /usr/bin/git-prune
Linking /usr/bin/git-show-branch to /usr/bin/git-prune
Linking /usr/bin/git-revert to /usr/bin/git-prune
Linking /usr/bin/git-merge-ours to /usr/bin/git-prune
Linking /usr/bin/git-rev-parse to /usr/bin/git-prune
Linking /usr/bin/git-checkout to /usr/bin/git-prune
Linking /usr/bin/git-fsck to /usr/bin/git-prune
Linking /usr/bin/git-config to /usr/bin/git-prune
Linking /usr/bin/git-write-tree to /usr/bin/git-prune
Linking /usr/bin/git-describe to /usr/bin/git-prune
Linking /usr/bin/git-get-tar-commit-id to /usr/bin/git-prune
Linking /usr/bin/git-merge to /usr/bin/git-prune
Linking /usr/bin/git-merge-file to /usr/bin/git-prune
Linking /usr/bin/git-check-ref-format to /usr/bin/git-prune
Linking /usr/bin/git-count-objects to /usr/bin/git-prune
Linking /usr/bin/git-mailsplit to /usr/bin/git-prune
Linking /usr/bin/git-fmt-merge-msg to /usr/bin/git-prune
Linking /usr/bin/git-reflog to /usr/bin/git-prune
Linking /usr/bin/git-diff-files to /usr/bin/git-prune
Linking /usr/bin/git-ls-files to /usr/bin/git-prune
Linking /usr/bin/git-mailinfo to /usr/bin/git-prune
Linking /usr/bin/git-commit-tree to /usr/bin/git-prune
Linking /usr/bin/git-rerere to /usr/bin/git-prune
Linking /usr/bin/git-commit to /usr/bin/git-prune
Linking /usr/bin/git-archive to /usr/bin/git-prune
Linking /usr/bin/git-upload-archive to /usr/bin/git-prune
Linking /usr/bin/git-gc to /usr/bin/git-prune
Linking /usr/bin/git-annotate to /usr/bin/git-prune
Linking /usr/bin/git-unpack-objects to /usr/bin/git-prune
Linking /usr/bin/git-update-index to /usr/bin/git-prune
Linking /usr/bin/git-merge-recursive to /usr/bin/git-prune
Linking /usr/bin/git-tar-tree to /usr/bin/git-prune
Linking /usr/bin/git-mv to /usr/bin/git-prune
Linking /usr/bin/git-fetch--tool to /usr/bin/git-prune
Linking /usr/bin/git-pack-refs to /usr/bin/git-prune
Linking /usr/bin/git-stripspace to /usr/bin/git-prune
Linking /usr/bin/git-push to /usr/bin/git-prune
Linking /usr/bin/git-status to /usr/bin/git-prune
Linking /usr/bin/git-init to /usr/bin/git-prune
Linking /usr/bin/git-fast-export to /usr/bin/git-prune
Linking /usr/bin/git-show-ref to /usr/bin/git-prune
Linking /usr/bin/git-merge-subtree to /usr/bin/git-prune
Linking /usr/bin/git-cherry-pick to /usr/bin/git-prune
Linking /usr/bin/git-init-db to /usr/bin/git-prune
Linking /usr/bin/git-apply to /usr/bin/git-prune
Linking /usr/bin/git-blame to /usr/bin/git-prune
Linking /usr/bin/git-rev-list to /usr/bin/git-prune
Linking /usr/bin/git-add to /usr/bin/git-prune
Linking /usr/bin/git-bundle to /usr/bin/git-prune
Linking /usr/bin/git-clean to /usr/bin/git-prune
Linking /usr/bin/git-fetch-pack to /usr/bin/git-prune
Linking /usr/bin/git-check-attr to /usr/bin/git-prune
Linking /usr/bin/git-prune-packed to /usr/bin/git-prune
Linking /usr/bin/git-diff to /usr/bin/git-prune
Linking /usr/bin/git-checkout-index to /usr/bin/git-prune
Linking /usr/bin/git-reset to /usr/bin/git-prune
Linking /usr/bin/git-log to /usr/bin/git-prune
Linking /usr/bin/git-name-rev to /usr/bin/git-prune
Linking /usr/bin/git-show to /usr/bin/git-prune
Linking /usr/bin/git-verify-pack to /usr/bin/git-prune
Linking /usr/bin/git-cat-file to /usr/bin/git-prune
Prelinking /usr/bin/php-cgi
Prelinking /usr/lib64/libxcb-xlib.so.0.0.0
Prelinking /usr/lib64/libX11.so.6.2.0
Prelinking /usr/lib64/libXrender.so.1.3.0
Prelinking /usr/lib64/libXft.so.2.1.13
Prelinking /usr/lib64/libtk8.5.so
Prelinking /usr/bin/wish8.5
Prelinking /sbin/route
Prelinking /sbin/ctrlaltdel
Prelinking /sbin/mii-diag
Prelinking /usr/bin/cksum
Prelinking /usr/bin/flock
Prelinking /usr/bin/mysqltestmanagerc
Prelinking /sbin/shutdown
Prelinking /usr/bin/dir
Prelinking /usr/bin/logger
Prelinking /bin/kill
Prelinking /usr/bin/test
Prelinking /lib/udev/collect
Prelinking /usr/bin/tac
Prelinking /usr/bin/makedeltarpm
Prelinking /usr/bin/look
Prelinking /usr/bin/perror
Prelinking /usr/bin/php
Prelinking /usr/bin/tee
Prelinking /usr/bin/top
Prelinking /usr/bin/watchgnupg
Prelinking /usr/bin/lua
Prelinking /usr/bin/whoami
Prelinking /usr/bin/git-imap-send
Prelinking /bin/ipcalc
Prelinking /sbin/kpartx
Prelinking /usr/bin/watch
Prelinking /sbin/plipconfig
Prelinking /usr/bin/ptx
Prelinking /usr/bin/mysql_tzinfo_to_sql
Prelinking /sbin/addpart
Prelinking /usr/bin/kbxutil
Prelinking /usr/bin/rpmdumpheader
Prelinking /usr/sbin/lchage
Prelinking /sbin/arp
Prelinking /usr/bin/mysql
Prelinking /sbin/ether-wake
Prelinking /usr/bin/ionice
Prelinking /usr/bin/mysql_waitpid
Prelinking /bin/mktemp
Prelinking /usr/bin/gpg-connect-agent
Prelinking /usr/bin/tty
Prelinking /usr/bin/eu-findtextrel
Prelinking /usr/bin/innochecksum
Prelinking /usr/lib64/libasm-0.142.so
Prelinking /usr/bin/setfacl
Prelinking /usr/sbin/saslauthd
Prelinking /sbin/nameif
Prelinking /usr/bin/eu-elfcmp
Prelinking /usr/bin/colrm
Prelinking /sbin/pivot_root
Prelinking /usr/sbin/lgroupdel
Prelinking /sbin/iptables
Prelinking /usr/bin/git-receive-pack
Prelinking /sbin/plymouthd
Prelinking /sbin/swapon
Prelinking /usr/lib64/erlang/lib/ssl-3.10/priv/bin/ssl_esock
Prelinking /sbin/delpart
Prelinking /sbin/pam_tally2
Prelinking /bin/false
Prelinking /usr/bin/vdir
Prelinking /bin/cat
Prelinking /usr/sbin/arpd
Prelinking /usr/bin/setfattr
Prelinking /usr/bin/column
Prelinking /usr/bin/eu-strip
Prelinking /sbin/logd
Prelinking /sbin/iptables-restore
Prelinking /sbin/grubby
Prelinking /usr/bin/fc-cat
Prelinking /usr/bin/hexdump
Prelinking /sbin/blkid
Prelinking /usr/bin/printenv
Prelinking /sbin/partx
Prelinking /usr/bin/pinky
Prelinking /usr/bin/readlink
Prelinking /usr/sbin/chroot
Prelinking /usr/sbin/anacron
Prelinking /usr/bin/join
Prelinking /usr/bin/eu-ar
Prelinking /usr/bin/split
Prelinking /usr/bin/id
Prelinking /usr/bin/mcookie
Prelinking /usr/bin/eu-ranlib
Prelinking /bin/echo
Prelinking /usr/bin/git-index-pack
Prelinking /usr/sbin/lnewusers
Prelinking /usr/bin/free
Prelinking /usr/bin/eu-readelf
Prelinking /usr/bin/resolve_stack_dump
Prelinking /usr/bin/crontab
Prelinking /usr/bin/ul
Prelinking /usr/bin/openssl
Prelinking /bin/hostname
Prelinking /usr/bin/mysqlimport
Prelinking /usr/bin/git-upload-pack
Prelinking /usr/bin/od
Prelinking /usr/sbin/luserdel
Prelinking /bin/dbus-uuidgen
Prelinking /usr/bin/nl
Prelinking /usr/bin/shred
Prelinking /usr/bin/scriptreplay
Prelinking /usr/sbin/lnstat
Prelinking /usr/bin/stat
Prelinking /lib/udev/usb_id
Prelinking /usr/sbin/rtcwake
Prelinking /sbin/resize2fs
Prelinking /usr/bin/tr
Prelinking /usr/bin/wc
Prelinking /usr/bin/mysqlbug
Prelinking /bin/dmesg
Prelinking /usr/bin/pr
Prelinking /sbin/iptunnel
Prelinking /usr/bin/setterm
Prelinking /usr/bin/pmap
Prelinking /usr/bin/vmstat
Prelinking /usr/bin/skill
Linking /usr/bin/snice to /usr/bin/skill
Prelinking /usr/lib/rpm/javadeps
Prelinking /lib/udev/rename_device
Prelinking /usr/bin/eu-size
Prelinking /usr/bin/svnadmin
Prelinking /usr/bin/namei
Prelinking /bin/gzip
Prelinking /sbin/init
Prelinking /usr/lib64/nss/unsupported-tools/shlibsign
Prelinking /usr/bin/git-patch-id
Prelinking /usr/bin/search
Prelinking /sbin/losetup
Prelinking /sbin/logsave
Prelinking /usr/bin/pkill
Linking /usr/bin/pgrep to /usr/bin/pkill
Prelinking /usr/bin/tsort
Prelinking /sbin/sfdisk
Prelinking /usr/bin/wget
Prelinking /bin/tar
Prelinking /sbin/consoletype
Prelinking /usr/bin/chattr
Prelinking /bin/stty
Prelinking /bin/netstat
Prelinking /usr/bin/yes
Prelinking /usr/sbin/lgroupmod
Prelinking /usr/libexec/gpg2keys_ldap
Prelinking /usr/bin/sqlite3
Prelinking /usr/bin/whiptail
Prelinking /usr/libexec/gpg-check-pattern
Prelinking /usr/bin/ipcs
Prelinking /sbin/fstab-decode
Prelinking /sbin/udevadm
Prelinking /usr/bin/gpg-agent
Prelinking /usr/bin/head
Prelinking /usr/bin/[
Prelinking /usr/bin/rpm2cpio
Prelinking /lib/udev/console_check
Prelinking /sbin/ip6tables-multi
Prelinking /sbin/initctl
Prelinking /usr/bin/getopt
Prelinking /usr/bin/fc-list
Prelinking /sbin/mdadm
Prelinking /usr/sbin/lid
Prelinking /usr/sbin/nstat
Prelinking /lib/udev/scsi_id
Prelinking /bin/sleep
Prelinking /bin/usleep
Prelinking /usr/bin/slabtop
Prelinking /usr/bin/indexer
Prelinking /usr/bin/chacl
Prelinking /usr/bin/git-shell
Prelinking /usr/lib64/libdbus-glib-1.so.2.1.0
Prelinking /usr/bin/dbus-binding-tool
Prelinking /usr/bin/pwdx
Prelinking /sbin/ip6tables
Prelinking /usr/sbin/lgroupadd
Prelinking /usr/bin/mysqlshow
Prelinking /usr/bin/dirname
Prelinking /lib/udev/fstab_import
Prelinking /usr/libexec/gpg2keys_finger
Prelinking /usr/bin/script
Prelinking /usr/bin/execstack
Prelinking /usr/libexec/mysqld
Prelinking /usr/bin/chage
Prelinking /sbin/nologin
Prelinking /usr/bin/myisam_ftdump
Prelinking /usr/bin/passwd
Prelinking /usr/bin/gpg2
Prelinking /usr/bin/paste
Prelinking /usr/bin/mysqlbinlog
Prelinking /usr/bin/mysqldump
Prelinking /bin/link
Prelinking /usr/bin/sha512sum
Prelinking /usr/bin/gpasswd
Prelinking /usr/bin/gpgv2
Prelinking /usr/bin/mysqltestmanager-pwgen
Prelinking /sbin/reboot
Prelinking /sbin/mii-tool
Prelinking /bin/mkdir
Prelinking /bin/rmdir
Prelinking /bin/true
Prelinking /sbin/e2undo
Prelinking /usr/bin/a2p
Prelinking /bin/basename
Prelinking /usr/bin/xzdec
Prelinking /usr/sbin/luseradd
Prelinking /usr/bin/eu-nm
Prelinking /sbin/udevd
Prelinking /bin/chgrp
Prelinking /lib/udev/create_floppy_devices
Prelinking /usr/bin/git-fast-import
Prelinking /usr/bin/file
Prelinking /usr/bin/combinedeltarpm
Prelinking /sbin/ipmaddr
Prelinking /sbin/badblocks
Prelinking /usr/bin/git-var
Prelinking /usr/bin/applydeltarpm
Prelinking /bin/doexec
Prelinking /usr/bin/mysql_upgrade
Prelinking /usr/bin/ipcrm
Prelinking /usr/bin/comm
Prelinking /sbin/initlog
Prelinking /usr/bin/monit
Prelinking /sbin/ip6tables-restore
Prelinking /sbin/mdassemble
Prelinking /sbin/pam_console_apply
Prelinking /sbin/dhclient
Prelinking /sbin/securetty
Prelinking /usr/sbin/fdformat
Prelinking /sbin/mkfs.ext4
Linking /sbin/mkfs.ext2 to /sbin/mkfs.ext4
Linking /sbin/mke2fs to /sbin/mkfs.ext4
Linking /sbin/mkfs.ext4dev to /sbin/mkfs.ext4
Linking /sbin/mkfs.ext3 to /sbin/mkfs.ext4
Prelinking /usr/bin/groups
Prelinking /sbin/netreport
Prelinking /usr/bin/git-update-server-info
Prelinking /usr/bin/curl
Prelinking /lib/udev/edd_id
Prelinking /usr/bin/expand
Prelinking /usr/libexec/mysqlmanager
Prelinking /usr/sbin/groupdel
Prelinking /usr/bin/getfattr
Prelinking /usr/bin/eu-strings
Prelinking /usr/bin/sha1sum
Prelinking /usr/sbin/filefrag
Prelinking /usr/bin/ddate
Prelinking /sbin/netplugd
Prelinking /usr/bin/w
Prelinking /sbin/hwclock.xen
Prelinking /usr/sbin/crond
Prelinking /usr/bin/du
Prelinking /usr/bin/fmt
Prelinking /usr/bin/eu-addr2line
Prelinking /usr/bin/vim
Prelinking /usr/bin/eu-objdump
Prelinking /sbin/rsyslogd
Prelinking /usr/bin/fc-cache
Prelinking /usr/bin/gpgparsemail
Prelinking /sbin/iptables-multi
Prelinking /usr/bin/mysqladmin
Prelinking /usr/bin/git-show-index
Prelinking /usr/bin/tail
Prelinking /usr/bin/rev
Prelinking /usr/bin/colcrt
Prelinking /bin/nice
Prelinking /usr/bin/screen
Prelinking /bin/cp
Prelinking /usr/bin/tailf
Prelinking /usr/bin/renice
Prelinking /usr/bin/git-merge-tree
Prelinking /usr/lib/rpm/debugedit
Prelinking /usr/bin/expr
Prelinking /bin/df
Prelinking /usr/sbin/lusermod
Prelinking /usr/bin/luac
Prelinking /lib64/dbus-1/dbus-daemon-launch-helper
Prelinking /usr/bin/svnlook
